<?xml version="1.0" encoding="UTF-8"?>
<!-- Generated by org.testng.reporters.JUnitXMLReporter -->
<testsuite ignored="1" hostname="DESKTOP-T2U3IFN" failures="0" tests="3" name="LoginTests" time="2.963" errors="0" timestamp="2025-08-05T19:12:27 IST">
  <testcase classname="testcases.LoginTest" name="validateLogin" time="1.528"/>
  <testcase classname="testcases.DashboardTest" name="addDetails" time="0.852"/>
  <testcase classname="testcases.DashboardTest" name="addAddress" time="0.474"/>
  <testcase classname="testcases.BaseTest" name="@BeforeSuite inBrowser" time="0.0">
    <ignored/>
  </testcase> <!-- @BeforeSuite inBrowser -->
</testsuite> <!-- LoginTests -->
