<?xml version="1.0" encoding="UTF-8"?>
<testng-results ignored="0" total="3" passed="3" failed="0" skipped="0">
  <reporter-output>
  </reporter-output>
  <suite started-at="2025-08-05T19:12:24 IST" name="SeleniumSuite" finished-at="2025-08-05T19:12:27 IST" duration-ms="2963">
    <groups>
    </groups>
    <test started-at="2025-08-05T19:12:24 IST" name="LoginTests" finished-at="2025-08-05T19:12:27 IST" duration-ms="2963">
      <class name="testcases.DashboardTest">
        <test-method is-config="true" signature="objectCreate()[pri:0, instance:testcases.DashboardTest@3e11f9e9]" started-at="2025-08-05T19:12:25 IST" name="objectCreate" finished-at="2025-08-05T19:12:25 IST" duration-ms="1" status="PASS">
          <reporter-output>
          </reporter-output>
        </test-method> <!-- objectCreate -->
        <test-method signature="addDetails()[pri:2, instance:testcases.DashboardTest@3e11f9e9]" started-at="2025-08-05T19:12:25 IST" name="addDetails" finished-at="2025-08-05T19:12:26 IST" duration-ms="852" status="PASS">
          <reporter-output>
          </reporter-output>
        </test-method> <!-- addDetails -->
        <test-method signature="addAddress()[pri:3, instance:testcases.DashboardTest@3e11f9e9]" started-at="2025-08-05T19:12:26 IST" name="addAddress" finished-at="2025-08-05T19:12:27 IST" depends-on-methods="testcases.DashboardTest.addDetails" duration-ms="474" status="PASS">
          <reporter-output>
          </reporter-output>
        </test-method> <!-- addAddress -->
      </class> <!-- testcases.DashboardTest -->
      <class name="testcases.LoginTest">
        <test-method is-config="true" signature="inBrowser()[pri:0, instance:testcases.LoginTest@2ea41516]" started-at="2025-08-05T19:12:19 IST" name="inBrowser" finished-at="2025-08-05T19:12:24 IST" duration-ms="4516" status="PASS">
          <reporter-output>
          </reporter-output>
        </test-method> <!-- inBrowser -->
        <test-method is-config="true" signature="objectCreate()[pri:0, instance:testcases.LoginTest@2ea41516]" started-at="2025-08-05T19:12:24 IST" name="objectCreate" finished-at="2025-08-05T19:12:24 IST" duration-ms="17" status="PASS">
          <reporter-output>
          </reporter-output>
        </test-method> <!-- objectCreate -->
        <test-method signature="validateLogin()[pri:1, instance:testcases.LoginTest@2ea41516]" started-at="2025-08-05T19:12:24 IST" name="validateLogin" finished-at="2025-08-05T19:12:25 IST" duration-ms="1528" status="PASS">
          <reporter-output>
          </reporter-output>
        </test-method> <!-- validateLogin -->
      </class> <!-- testcases.LoginTest -->
    </test> <!-- LoginTests -->
  </suite> <!-- SeleniumSuite -->
</testng-results>
